2023-04-04 00:04:19 [background-preinit] INFO  o.h.validator.internal.util.Version - HV000001: Hibernate Validator 8.0.0.Final
2023-04-04 00:04:19 [main] INFO  l.e.e.ErgoWebServiceApplication - Starting ErgoWebServiceApplication using Java 17.0.5 with PID 91108 (/Users/antonsdolgopolovs/IdeaProjects/test_projects/ergo-web-service/target/classes started by antonsdolgopolovs in /Users/antonsdolgopolovs/IdeaProjects/test_projects/ergo-web-service)
2023-04-04 00:04:19 [main] INFO  l.e.e.ErgoWebServiceApplication - No active profile set, falling back to 1 default profile: "default"
2023-04-04 00:04:19 [main] INFO  o.s.d.r.c.RepositoryConfigurationDelegate - Bootstrapping Spring Data JPA repositories in DEFAULT mode.
2023-04-04 00:04:19 [main] INFO  o.s.d.r.c.RepositoryConfigurationDelegate - Finished Spring Data repository scanning in 40 ms. Found 1 JPA repository interfaces.
2023-04-04 00:04:20 [main] INFO  o.s.b.w.e.tomcat.TomcatWebServer - Tomcat initialized with port(s): 8080 (http)
2023-04-04 00:04:20 [main] INFO  o.a.coyote.http11.Http11NioProtocol - Initializing ProtocolHandler ["http-nio-8080"]
2023-04-04 00:04:20 [main] INFO  o.a.catalina.core.StandardService - Starting service [Tomcat]
2023-04-04 00:04:20 [main] INFO  o.a.catalina.core.StandardEngine - Starting Servlet engine: [Apache Tomcat/10.1.7]
2023-04-04 00:04:20 [main] INFO  o.a.c.c.C.[Tomcat].[localhost].[/] - Initializing Spring embedded WebApplicationContext
2023-04-04 00:04:20 [main] INFO  o.s.b.w.s.c.ServletWebServerApplicationContext - Root WebApplicationContext: initialization completed in 925 ms
2023-04-04 00:04:20 [main] INFO  com.zaxxer.hikari.HikariDataSource - HikariPool-1 - Starting...
2023-04-04 00:04:20 [main] INFO  com.zaxxer.hikari.pool.HikariPool - HikariPool-1 - Added connection conn0: url=jdbc:h2:file:./src/main/resources/data/ergo_web_service_db user=ERGO_SERVICE
2023-04-04 00:04:20 [main] INFO  com.zaxxer.hikari.HikariDataSource - HikariPool-1 - Start completed.
2023-04-04 00:04:20 [main] INFO  o.s.b.a.h.H2ConsoleAutoConfiguration - H2 console available at '/h2-console'. Database available at 'jdbc:h2:file:./src/main/resources/data/ergo_web_service_db'
2023-04-04 00:04:20 [main] INFO  o.h.jpa.internal.util.LogHelper - HHH000204: Processing PersistenceUnitInfo [name: default]
2023-04-04 00:04:20 [main] INFO  org.hibernate.Version - HHH000412: Hibernate ORM core version 6.1.7.Final
2023-04-04 00:04:20 [main] INFO  SQL dialect - HHH000400: Using dialect: org.hibernate.dialect.H2Dialect
2023-04-04 00:04:21 [main] INFO  o.h.e.t.j.p.i.JtaPlatformInitiator - HHH000490: Using JtaPlatform implementation: [org.hibernate.engine.transaction.jta.platform.internal.NoJtaPlatform]
2023-04-04 00:04:21 [main] INFO  o.s.o.j.LocalContainerEntityManagerFactoryBean - Initialized JPA EntityManagerFactory for persistence unit 'default'
2023-04-04 00:04:21 [main] WARN  o.s.b.a.o.j.JpaBaseConfiguration$JpaWebConfiguration - spring.jpa.open-in-view is enabled by default. Therefore, database queries may be performed during view rendering. Explicitly configure spring.jpa.open-in-view to disable this warning
2023-04-04 00:04:21 [main] INFO  o.a.coyote.http11.Http11NioProtocol - Starting ProtocolHandler ["http-nio-8080"]
2023-04-04 00:04:21 [main] INFO  o.s.b.w.e.tomcat.TomcatWebServer - Tomcat started on port(s): 8080 (http) with context path ''
2023-04-04 00:04:21 [main] INFO  l.e.e.ErgoWebServiceApplication - Started ErgoWebServiceApplication in 3.027 seconds (process running for 8.609)
2023-04-04 00:08:04 [SpringApplicationShutdownHook] INFO  o.s.o.j.LocalContainerEntityManagerFactoryBean - Closing JPA EntityManagerFactory for persistence unit 'default'
2023-04-04 00:08:04 [SpringApplicationShutdownHook] INFO  com.zaxxer.hikari.HikariDataSource - HikariPool-1 - Shutdown initiated...
2023-04-04 00:08:04 [SpringApplicationShutdownHook] INFO  com.zaxxer.hikari.HikariDataSource - HikariPool-1 - Shutdown completed.
2023-04-04 00:14:28 [background-preinit] INFO  o.h.validator.internal.util.Version - HV000001: Hibernate Validator 8.0.0.Final
2023-04-04 00:14:29 [main] INFO  l.e.e.ErgoWebServiceApplication - Starting ErgoWebServiceApplication using Java 17.0.5 with PID 91179 (/Users/antonsdolgopolovs/IdeaProjects/test_projects/ergo-web-service/target/classes started by antonsdolgopolovs in /Users/antonsdolgopolovs/IdeaProjects/test_projects/ergo-web-service)
2023-04-04 00:14:29 [main] INFO  l.e.e.ErgoWebServiceApplication - No active profile set, falling back to 1 default profile: "default"
2023-04-04 00:14:29 [main] INFO  o.s.d.r.c.RepositoryConfigurationDelegate - Bootstrapping Spring Data JPA repositories in DEFAULT mode.
2023-04-04 00:14:29 [main] INFO  o.s.d.r.c.RepositoryConfigurationDelegate - Finished Spring Data repository scanning in 53 ms. Found 1 JPA repository interfaces.
2023-04-04 00:14:30 [main] INFO  o.s.b.w.e.tomcat.TomcatWebServer - Tomcat initialized with port(s): 8080 (http)
2023-04-04 00:14:30 [main] INFO  o.a.coyote.http11.Http11NioProtocol - Initializing ProtocolHandler ["http-nio-8080"]
2023-04-04 00:14:30 [main] INFO  o.a.catalina.core.StandardService - Starting service [Tomcat]
2023-04-04 00:14:30 [main] INFO  o.a.catalina.core.StandardEngine - Starting Servlet engine: [Apache Tomcat/10.1.7]
2023-04-04 00:14:30 [main] INFO  o.a.c.c.C.[Tomcat].[localhost].[/] - Initializing Spring embedded WebApplicationContext
2023-04-04 00:14:30 [main] INFO  o.s.b.w.s.c.ServletWebServerApplicationContext - Root WebApplicationContext: initialization completed in 1620 ms
2023-04-04 00:14:30 [main] INFO  com.zaxxer.hikari.HikariDataSource - HikariPool-1 - Starting...
2023-04-04 00:14:30 [main] INFO  com.zaxxer.hikari.pool.HikariPool - HikariPool-1 - Added connection conn0: url=jdbc:h2:file:./src/main/resources/data/ergo_web_service_db user=ERGO_SERVICE
2023-04-04 00:14:30 [main] INFO  com.zaxxer.hikari.HikariDataSource - HikariPool-1 - Start completed.
2023-04-04 00:14:30 [main] INFO  o.s.b.a.h.H2ConsoleAutoConfiguration - H2 console available at '/h2-console'. Database available at 'jdbc:h2:file:./src/main/resources/data/ergo_web_service_db'
2023-04-04 00:14:31 [main] INFO  o.h.jpa.internal.util.LogHelper - HHH000204: Processing PersistenceUnitInfo [name: default]
2023-04-04 00:14:31 [main] INFO  org.hibernate.Version - HHH000412: Hibernate ORM core version 6.1.7.Final
2023-04-04 00:14:31 [main] INFO  SQL dialect - HHH000400: Using dialect: org.hibernate.dialect.H2Dialect
2023-04-04 00:14:32 [main] INFO  o.h.e.t.j.p.i.JtaPlatformInitiator - HHH000490: Using JtaPlatform implementation: [org.hibernate.engine.transaction.jta.platform.internal.NoJtaPlatform]
2023-04-04 00:14:32 [main] INFO  o.s.o.j.LocalContainerEntityManagerFactoryBean - Initialized JPA EntityManagerFactory for persistence unit 'default'
2023-04-04 00:14:32 [main] WARN  o.s.b.a.o.j.JpaBaseConfiguration$JpaWebConfiguration - spring.jpa.open-in-view is enabled by default. Therefore, database queries may be performed during view rendering. Explicitly configure spring.jpa.open-in-view to disable this warning
2023-04-04 00:14:32 [main] INFO  o.a.coyote.http11.Http11NioProtocol - Starting ProtocolHandler ["http-nio-8080"]
2023-04-04 00:14:32 [main] INFO  o.s.b.w.e.tomcat.TomcatWebServer - Tomcat started on port(s): 8080 (http) with context path ''
2023-04-04 00:14:32 [main] INFO  l.e.e.ErgoWebServiceApplication - Started ErgoWebServiceApplication in 4.271 seconds (process running for 9.938)
2023-04-04 00:16:14 [SpringApplicationShutdownHook] INFO  o.s.o.j.LocalContainerEntityManagerFactoryBean - Closing JPA EntityManagerFactory for persistence unit 'default'
2023-04-04 00:16:14 [SpringApplicationShutdownHook] INFO  com.zaxxer.hikari.HikariDataSource - HikariPool-1 - Shutdown initiated...
2023-04-04 00:16:14 [SpringApplicationShutdownHook] INFO  com.zaxxer.hikari.HikariDataSource - HikariPool-1 - Shutdown completed.
2023-04-04 00:16:25 [background-preinit] INFO  o.h.validator.internal.util.Version - HV000001: Hibernate Validator 8.0.0.Final
2023-04-04 00:16:25 [main] INFO  l.e.e.ErgoWebServiceApplication - Starting ErgoWebServiceApplication using Java 17.0.5 with PID 91198 (/Users/antonsdolgopolovs/IdeaProjects/test_projects/ergo-web-service/target/classes started by antonsdolgopolovs in /Users/antonsdolgopolovs/IdeaProjects/test_projects/ergo-web-service)
2023-04-04 00:16:25 [main] INFO  l.e.e.ErgoWebServiceApplication - No active profile set, falling back to 1 default profile: "default"
2023-04-04 00:16:26 [main] INFO  o.s.d.r.c.RepositoryConfigurationDelegate - Bootstrapping Spring Data JPA repositories in DEFAULT mode.
2023-04-04 00:16:26 [main] INFO  o.s.d.r.c.RepositoryConfigurationDelegate - Finished Spring Data repository scanning in 40 ms. Found 1 JPA repository interfaces.
2023-04-04 00:16:26 [main] INFO  o.s.b.w.e.tomcat.TomcatWebServer - Tomcat initialized with port(s): 8080 (http)
2023-04-04 00:16:26 [main] INFO  o.a.coyote.http11.Http11NioProtocol - Initializing ProtocolHandler ["http-nio-8080"]
2023-04-04 00:16:26 [main] INFO  o.a.catalina.core.StandardService - Starting service [Tomcat]
2023-04-04 00:16:26 [main] INFO  o.a.catalina.core.StandardEngine - Starting Servlet engine: [Apache Tomcat/10.1.7]
2023-04-04 00:16:26 [main] INFO  o.a.c.c.C.[Tomcat].[localhost].[/] - Initializing Spring embedded WebApplicationContext
2023-04-04 00:16:26 [main] INFO  o.s.b.w.s.c.ServletWebServerApplicationContext - Root WebApplicationContext: initialization completed in 949 ms
2023-04-04 00:16:26 [main] INFO  com.zaxxer.hikari.HikariDataSource - HikariPool-1 - Starting...
2023-04-04 00:16:26 [main] INFO  com.zaxxer.hikari.pool.HikariPool - HikariPool-1 - Added connection conn0: url=jdbc:h2:file:./src/main/resources/data/ergo_web_service_db user=ERGO_SERVICE
2023-04-04 00:16:26 [main] INFO  com.zaxxer.hikari.HikariDataSource - HikariPool-1 - Start completed.
2023-04-04 00:16:26 [main] INFO  o.s.b.a.h.H2ConsoleAutoConfiguration - H2 console available at '/h2-console'. Database available at 'jdbc:h2:file:./src/main/resources/data/ergo_web_service_db'
2023-04-04 00:16:27 [main] INFO  o.h.jpa.internal.util.LogHelper - HHH000204: Processing PersistenceUnitInfo [name: default]
2023-04-04 00:16:27 [main] INFO  org.hibernate.Version - HHH000412: Hibernate ORM core version 6.1.7.Final
2023-04-04 00:16:27 [main] INFO  SQL dialect - HHH000400: Using dialect: org.hibernate.dialect.H2Dialect
2023-04-04 00:16:27 [main] INFO  o.h.e.t.j.p.i.JtaPlatformInitiator - HHH000490: Using JtaPlatform implementation: [org.hibernate.engine.transaction.jta.platform.internal.NoJtaPlatform]
2023-04-04 00:16:27 [main] INFO  o.s.o.j.LocalContainerEntityManagerFactoryBean - Initialized JPA EntityManagerFactory for persistence unit 'default'
2023-04-04 00:16:28 [main] WARN  o.s.b.a.o.j.JpaBaseConfiguration$JpaWebConfiguration - spring.jpa.open-in-view is enabled by default. Therefore, database queries may be performed during view rendering. Explicitly configure spring.jpa.open-in-view to disable this warning
2023-04-04 00:16:28 [main] INFO  o.a.coyote.http11.Http11NioProtocol - Starting ProtocolHandler ["http-nio-8080"]
2023-04-04 00:16:28 [main] INFO  o.s.b.w.e.tomcat.TomcatWebServer - Tomcat started on port(s): 8080 (http) with context path ''
2023-04-04 00:16:28 [main] INFO  l.e.e.ErgoWebServiceApplication - Started ErgoWebServiceApplication in 3.085 seconds (process running for 8.787)
2023-04-04 00:16:56 [http-nio-8080-exec-1] INFO  o.a.c.c.C.[Tomcat].[localhost].[/] - Initializing Spring DispatcherServlet 'dispatcherServlet'
2023-04-04 00:16:56 [http-nio-8080-exec-1] INFO  o.s.web.servlet.DispatcherServlet - Initializing Servlet 'dispatcherServlet'
2023-04-04 00:16:56 [http-nio-8080-exec-1] INFO  o.s.web.servlet.DispatcherServlet - Completed initialization in 1 ms
2023-04-04 00:16:57 [http-nio-8080-exec-1] INFO  l.e.e.service.PersonService - Saving person: Person(id=null, firstName=Diana, lastName=Sue, gender=FEMALE, dateOfBirth=2022-12-12, phoneNumber=1234567892, email=sarah.sue@example.com)
2023-04-04 00:16:58 [http-nio-8080-exec-3] INFO  l.e.e.service.PersonService - Saving person: Person(id=null, firstName=Diana, lastName=Sue, gender=FEMALE, dateOfBirth=2022-12-12, phoneNumber=1234567892, email=sarah.sue@example.com)
2023-04-04 00:16:59 [http-nio-8080-exec-4] INFO  l.e.e.service.PersonService - Saving person: Person(id=null, firstName=Diana, lastName=Sue, gender=FEMALE, dateOfBirth=2022-12-12, phoneNumber=1234567892, email=sarah.sue@example.com)
2023-04-04 00:17:58 [SpringApplicationShutdownHook] INFO  o.s.o.j.LocalContainerEntityManagerFactoryBean - Closing JPA EntityManagerFactory for persistence unit 'default'
2023-04-04 00:17:58 [SpringApplicationShutdownHook] INFO  com.zaxxer.hikari.HikariDataSource - HikariPool-1 - Shutdown initiated...
2023-04-04 00:17:58 [SpringApplicationShutdownHook] INFO  com.zaxxer.hikari.HikariDataSource - HikariPool-1 - Shutdown completed.
2023-04-04 00:18:21 [background-preinit] INFO  o.h.validator.internal.util.Version - HV000001: Hibernate Validator 8.0.0.Final
2023-04-04 00:18:21 [main] INFO  l.e.e.ErgoWebServiceApplication - Starting ErgoWebServiceApplication using Java 17.0.5 with PID 91211 (/Users/antonsdolgopolovs/IdeaProjects/test_projects/ergo-web-service/target/classes started by antonsdolgopolovs in /Users/antonsdolgopolovs/IdeaProjects/test_projects/ergo-web-service)
2023-04-04 00:18:21 [main] INFO  l.e.e.ErgoWebServiceApplication - No active profile set, falling back to 1 default profile: "default"
2023-04-04 00:18:21 [main] INFO  o.s.d.r.c.RepositoryConfigurationDelegate - Bootstrapping Spring Data JPA repositories in DEFAULT mode.
2023-04-04 00:18:21 [main] INFO  o.s.d.r.c.RepositoryConfigurationDelegate - Finished Spring Data repository scanning in 40 ms. Found 1 JPA repository interfaces.
2023-04-04 00:18:21 [main] INFO  o.s.b.w.e.tomcat.TomcatWebServer - Tomcat initialized with port(s): 8080 (http)
2023-04-04 00:18:21 [main] INFO  o.a.coyote.http11.Http11NioProtocol - Initializing ProtocolHandler ["http-nio-8080"]
2023-04-04 00:18:21 [main] INFO  o.a.catalina.core.StandardService - Starting service [Tomcat]
2023-04-04 00:18:21 [main] INFO  o.a.catalina.core.StandardEngine - Starting Servlet engine: [Apache Tomcat/10.1.7]
2023-04-04 00:18:22 [main] INFO  o.a.c.c.C.[Tomcat].[localhost].[/] - Initializing Spring embedded WebApplicationContext
2023-04-04 00:18:22 [main] INFO  o.s.b.w.s.c.ServletWebServerApplicationContext - Root WebApplicationContext: initialization completed in 927 ms
2023-04-04 00:18:22 [main] INFO  com.zaxxer.hikari.HikariDataSource - HikariPool-1 - Starting...
2023-04-04 00:18:22 [main] INFO  com.zaxxer.hikari.pool.HikariPool - HikariPool-1 - Added connection conn0: url=jdbc:h2:file:./src/main/resources/data/ergo_web_service_db user=ERGO_SERVICE
2023-04-04 00:18:22 [main] INFO  com.zaxxer.hikari.HikariDataSource - HikariPool-1 - Start completed.
2023-04-04 00:18:22 [main] INFO  o.s.b.a.h.H2ConsoleAutoConfiguration - H2 console available at '/h2-console'. Database available at 'jdbc:h2:file:./src/main/resources/data/ergo_web_service_db'
2023-04-04 00:18:22 [main] INFO  o.h.jpa.internal.util.LogHelper - HHH000204: Processing PersistenceUnitInfo [name: default]
2023-04-04 00:18:22 [main] INFO  org.hibernate.Version - HHH000412: Hibernate ORM core version 6.1.7.Final
2023-04-04 00:18:22 [main] INFO  SQL dialect - HHH000400: Using dialect: org.hibernate.dialect.H2Dialect
2023-04-04 00:18:23 [main] INFO  o.h.e.t.j.p.i.JtaPlatformInitiator - HHH000490: Using JtaPlatform implementation: [org.hibernate.engine.transaction.jta.platform.internal.NoJtaPlatform]
2023-04-04 00:18:23 [main] INFO  o.s.o.j.LocalContainerEntityManagerFactoryBean - Initialized JPA EntityManagerFactory for persistence unit 'default'
2023-04-04 00:18:23 [main] WARN  o.s.b.a.o.j.JpaBaseConfiguration$JpaWebConfiguration - spring.jpa.open-in-view is enabled by default. Therefore, database queries may be performed during view rendering. Explicitly configure spring.jpa.open-in-view to disable this warning
2023-04-04 00:18:23 [main] INFO  o.a.coyote.http11.Http11NioProtocol - Starting ProtocolHandler ["http-nio-8080"]
2023-04-04 00:18:23 [main] INFO  o.s.b.w.e.tomcat.TomcatWebServer - Tomcat started on port(s): 8080 (http) with context path ''
2023-04-04 00:18:23 [main] INFO  l.e.e.ErgoWebServiceApplication - Started ErgoWebServiceApplication in 3.034 seconds (process running for 8.636)
2023-04-04 00:18:42 [http-nio-8080-exec-9] INFO  o.a.c.c.C.[Tomcat].[localhost].[/] - Initializing Spring DispatcherServlet 'dispatcherServlet'
2023-04-04 00:18:42 [http-nio-8080-exec-9] INFO  o.s.web.servlet.DispatcherServlet - Initializing Servlet 'dispatcherServlet'
2023-04-04 00:18:42 [http-nio-8080-exec-9] INFO  o.s.web.servlet.DispatcherServlet - Completed initialization in 1 ms
2023-04-04 00:18:43 [http-nio-8080-exec-9] INFO  l.e.e.service.PersonService - Saving person: Person(id=null, firstName=Diana, lastName=Sue, gender=FEMALE, dateOfBirth=2022-12-12, phoneNumber=1234567892, email=sarah.sue@example.com)
2023-04-04 00:18:44 [http-nio-8080-exec-8] INFO  l.e.e.service.PersonService - Saving person: Person(id=null, firstName=Diana, lastName=Sue, gender=FEMALE, dateOfBirth=2022-12-12, phoneNumber=1234567892, email=sarah.sue@example.com)
2023-04-04 00:20:14 [http-nio-8080-exec-3] INFO  l.e.e.service.PersonService - Saving person: Person(id=null, firstName=Diana, lastName=Sue, gender=FEMALE, dateOfBirth=2022-12-12, phoneNumber=1234567892, email=sarah.sue@example.com)
2023-04-04 00:20:15 [http-nio-8080-exec-6] INFO  l.e.e.service.PersonService - Saving person: Person(id=null, firstName=Diana, lastName=Sue, gender=FEMALE, dateOfBirth=2022-12-12, phoneNumber=1234567892, email=sarah.sue@example.com)
2023-04-04 00:20:16 [http-nio-8080-exec-4] INFO  l.e.e.service.PersonService - Saving person: Person(id=null, firstName=Diana, lastName=Sue, gender=FEMALE, dateOfBirth=2022-12-12, phoneNumber=1234567892, email=sarah.sue@example.com)
2023-04-04 00:20:36 [SpringApplicationShutdownHook] INFO  o.s.o.j.LocalContainerEntityManagerFactoryBean - Closing JPA EntityManagerFactory for persistence unit 'default'
2023-04-04 00:20:36 [SpringApplicationShutdownHook] INFO  com.zaxxer.hikari.HikariDataSource - HikariPool-1 - Shutdown initiated...
2023-04-04 00:20:36 [SpringApplicationShutdownHook] INFO  com.zaxxer.hikari.HikariDataSource - HikariPool-1 - Shutdown completed.
2023-04-04 00:20:44 [background-preinit] INFO  o.h.validator.internal.util.Version - HV000001: Hibernate Validator 8.0.0.Final
2023-04-04 00:20:44 [main] INFO  l.e.e.ErgoWebServiceApplication - Starting ErgoWebServiceApplication using Java 17.0.5 with PID 91217 (/Users/antonsdolgopolovs/IdeaProjects/test_projects/ergo-web-service/target/classes started by antonsdolgopolovs in /Users/antonsdolgopolovs/IdeaProjects/test_projects/ergo-web-service)
2023-04-04 00:20:44 [main] INFO  l.e.e.ErgoWebServiceApplication - No active profile set, falling back to 1 default profile: "default"
2023-04-04 00:20:44 [main] INFO  o.s.d.r.c.RepositoryConfigurationDelegate - Bootstrapping Spring Data JPA repositories in DEFAULT mode.
2023-04-04 00:20:44 [main] INFO  o.s.d.r.c.RepositoryConfigurationDelegate - Finished Spring Data repository scanning in 43 ms. Found 1 JPA repository interfaces.
2023-04-04 00:20:45 [main] INFO  o.s.b.w.e.tomcat.TomcatWebServer - Tomcat initialized with port(s): 8080 (http)
2023-04-04 00:20:45 [main] INFO  o.a.coyote.http11.Http11NioProtocol - Initializing ProtocolHandler ["http-nio-8080"]
2023-04-04 00:20:45 [main] INFO  o.a.catalina.core.StandardService - Starting service [Tomcat]
2023-04-04 00:20:45 [main] INFO  o.a.catalina.core.StandardEngine - Starting Servlet engine: [Apache Tomcat/10.1.7]
2023-04-04 00:20:45 [main] INFO  o.a.c.c.C.[Tomcat].[localhost].[/] - Initializing Spring embedded WebApplicationContext
2023-04-04 00:20:45 [main] INFO  o.s.b.w.s.c.ServletWebServerApplicationContext - Root WebApplicationContext: initialization completed in 1005 ms
2023-04-04 00:20:45 [main] INFO  com.zaxxer.hikari.HikariDataSource - HikariPool-1 - Starting...
2023-04-04 00:20:45 [main] INFO  com.zaxxer.hikari.pool.HikariPool - HikariPool-1 - Added connection conn0: url=jdbc:h2:file:./src/main/resources/data/ergo_web_service_db user=ERGO_SERVICE
2023-04-04 00:20:45 [main] INFO  com.zaxxer.hikari.HikariDataSource - HikariPool-1 - Start completed.
2023-04-04 00:20:45 [main] INFO  o.s.b.a.h.H2ConsoleAutoConfiguration - H2 console available at '/h2-console'. Database available at 'jdbc:h2:file:./src/main/resources/data/ergo_web_service_db'
2023-04-04 00:20:45 [main] INFO  o.h.jpa.internal.util.LogHelper - HHH000204: Processing PersistenceUnitInfo [name: default]
2023-04-04 00:20:45 [main] INFO  org.hibernate.Version - HHH000412: Hibernate ORM core version 6.1.7.Final
2023-04-04 00:20:45 [main] INFO  SQL dialect - HHH000400: Using dialect: org.hibernate.dialect.H2Dialect
2023-04-04 00:20:46 [main] INFO  o.h.e.t.j.p.i.JtaPlatformInitiator - HHH000490: Using JtaPlatform implementation: [org.hibernate.engine.transaction.jta.platform.internal.NoJtaPlatform]
2023-04-04 00:20:46 [main] INFO  o.s.o.j.LocalContainerEntityManagerFactoryBean - Initialized JPA EntityManagerFactory for persistence unit 'default'
2023-04-04 00:20:46 [main] WARN  o.s.b.a.o.j.JpaBaseConfiguration$JpaWebConfiguration - spring.jpa.open-in-view is enabled by default. Therefore, database queries may be performed during view rendering. Explicitly configure spring.jpa.open-in-view to disable this warning
2023-04-04 00:20:47 [main] INFO  o.a.coyote.http11.Http11NioProtocol - Starting ProtocolHandler ["http-nio-8080"]
2023-04-04 00:20:47 [main] INFO  o.s.b.w.e.tomcat.TomcatWebServer - Tomcat started on port(s): 8080 (http) with context path ''
2023-04-04 00:20:47 [main] INFO  l.e.e.ErgoWebServiceApplication - Started ErgoWebServiceApplication in 3.346 seconds (process running for 8.926)
2023-04-04 00:20:50 [http-nio-8080-exec-1] INFO  o.a.c.c.C.[Tomcat].[localhost].[/] - Initializing Spring DispatcherServlet 'dispatcherServlet'
2023-04-04 00:20:50 [http-nio-8080-exec-1] INFO  o.s.web.servlet.DispatcherServlet - Initializing Servlet 'dispatcherServlet'
2023-04-04 00:20:50 [http-nio-8080-exec-1] INFO  o.s.web.servlet.DispatcherServlet - Completed initialization in 1 ms
2023-04-04 00:20:50 [http-nio-8080-exec-1] INFO  l.e.e.service.PersonService - Saving person: Person(id=null, firstName=Diana, lastName=Sue, gender=FEMALE, dateOfBirth=2022-12-12, phoneNumber=1234567892, email=sarah.sue@example.com)
2023-04-04 00:20:56 [http-nio-8080-exec-3] INFO  l.e.e.service.PersonService - Saving person: Person(id=null, firstName=Diana, lastName=Sue, gender=FEMALE, dateOfBirth=2022-12-12, phoneNumber=1234567892, email=sarah.sue@example.com)
2023-04-04 00:21:55 [SpringApplicationShutdownHook] INFO  o.s.o.j.LocalContainerEntityManagerFactoryBean - Closing JPA EntityManagerFactory for persistence unit 'default'
2023-04-04 00:21:55 [SpringApplicationShutdownHook] INFO  com.zaxxer.hikari.HikariDataSource - HikariPool-1 - Shutdown initiated...
2023-04-04 00:21:55 [SpringApplicationShutdownHook] INFO  com.zaxxer.hikari.HikariDataSource - HikariPool-1 - Shutdown completed.
2023-04-04 00:22:03 [background-preinit] INFO  o.h.validator.internal.util.Version - HV000001: Hibernate Validator 8.0.0.Final
2023-04-04 00:22:03 [main] INFO  l.e.e.ErgoWebServiceApplication - Starting ErgoWebServiceApplication using Java 17.0.5 with PID 91239 (/Users/antonsdolgopolovs/IdeaProjects/test_projects/ergo-web-service/target/classes started by antonsdolgopolovs in /Users/antonsdolgopolovs/IdeaProjects/test_projects/ergo-web-service)
2023-04-04 00:22:03 [main] INFO  l.e.e.ErgoWebServiceApplication - No active profile set, falling back to 1 default profile: "default"
2023-04-04 00:22:04 [main] INFO  o.s.d.r.c.RepositoryConfigurationDelegate - Bootstrapping Spring Data JPA repositories in DEFAULT mode.
2023-04-04 00:22:04 [main] INFO  o.s.d.r.c.RepositoryConfigurationDelegate - Finished Spring Data repository scanning in 44 ms. Found 1 JPA repository interfaces.
2023-04-04 00:22:04 [main] INFO  o.s.b.w.e.tomcat.TomcatWebServer - Tomcat initialized with port(s): 8080 (http)
2023-04-04 00:22:04 [main] INFO  o.a.coyote.http11.Http11NioProtocol - Initializing ProtocolHandler ["http-nio-8080"]
2023-04-04 00:22:04 [main] INFO  o.a.catalina.core.StandardService - Starting service [Tomcat]
2023-04-04 00:22:04 [main] INFO  o.a.catalina.core.StandardEngine - Starting Servlet engine: [Apache Tomcat/10.1.7]
2023-04-04 00:22:04 [main] INFO  o.a.c.c.C.[Tomcat].[localhost].[/] - Initializing Spring embedded WebApplicationContext
2023-04-04 00:22:04 [main] INFO  o.s.b.w.s.c.ServletWebServerApplicationContext - Root WebApplicationContext: initialization completed in 1035 ms
2023-04-04 00:22:04 [main] INFO  com.zaxxer.hikari.HikariDataSource - HikariPool-1 - Starting...
2023-04-04 00:22:04 [main] INFO  com.zaxxer.hikari.pool.HikariPool - HikariPool-1 - Added connection conn0: url=jdbc:h2:file:./src/main/resources/data/ergo_web_service_db user=ERGO_SERVICE
2023-04-04 00:22:04 [main] INFO  com.zaxxer.hikari.HikariDataSource - HikariPool-1 - Start completed.
2023-04-04 00:22:04 [main] INFO  o.s.b.a.h.H2ConsoleAutoConfiguration - H2 console available at '/h2-console'. Database available at 'jdbc:h2:file:./src/main/resources/data/ergo_web_service_db'
2023-04-04 00:22:04 [main] INFO  o.h.jpa.internal.util.LogHelper - HHH000204: Processing PersistenceUnitInfo [name: default]
2023-04-04 00:22:04 [main] INFO  org.hibernate.Version - HHH000412: Hibernate ORM core version 6.1.7.Final
2023-04-04 00:22:05 [main] INFO  SQL dialect - HHH000400: Using dialect: org.hibernate.dialect.H2Dialect
2023-04-04 00:22:05 [main] INFO  o.h.e.t.j.p.i.JtaPlatformInitiator - HHH000490: Using JtaPlatform implementation: [org.hibernate.engine.transaction.jta.platform.internal.NoJtaPlatform]
2023-04-04 00:22:05 [main] INFO  o.s.o.j.LocalContainerEntityManagerFactoryBean - Initialized JPA EntityManagerFactory for persistence unit 'default'
2023-04-04 00:22:06 [main] WARN  o.s.b.a.o.j.JpaBaseConfiguration$JpaWebConfiguration - spring.jpa.open-in-view is enabled by default. Therefore, database queries may be performed during view rendering. Explicitly configure spring.jpa.open-in-view to disable this warning
2023-04-04 00:22:06 [main] INFO  o.a.coyote.http11.Http11NioProtocol - Starting ProtocolHandler ["http-nio-8080"]
2023-04-04 00:22:06 [main] INFO  o.s.b.w.e.tomcat.TomcatWebServer - Tomcat started on port(s): 8080 (http) with context path ''
2023-04-04 00:22:06 [main] INFO  l.e.e.ErgoWebServiceApplication - Started ErgoWebServiceApplication in 3.328 seconds (process running for 8.948)
2023-04-04 00:22:10 [http-nio-8080-exec-1] INFO  o.a.c.c.C.[Tomcat].[localhost].[/] - Initializing Spring DispatcherServlet 'dispatcherServlet'
2023-04-04 00:22:10 [http-nio-8080-exec-1] INFO  o.s.web.servlet.DispatcherServlet - Initializing Servlet 'dispatcherServlet'
2023-04-04 00:22:10 [http-nio-8080-exec-1] INFO  o.s.web.servlet.DispatcherServlet - Completed initialization in 1 ms
2023-04-04 00:22:10 [http-nio-8080-exec-1] INFO  l.e.e.service.PersonService - Saving person: Person(id=null, firstName=Diana, lastName=Sue, gender=FEMALE, dateOfBirth=2022-12-12, phoneNumber=1234567892, email=sarah.sue@example.com)
2023-04-04 00:22:11 [http-nio-8080-exec-3] INFO  l.e.e.service.PersonService - Saving person: Person(id=null, firstName=Diana, lastName=Sue, gender=FEMALE, dateOfBirth=2022-12-12, phoneNumber=1234567892, email=sarah.sue@example.com)
2023-04-04 00:22:12 [http-nio-8080-exec-4] INFO  l.e.e.service.PersonService - Saving person: Person(id=null, firstName=Diana, lastName=Sue, gender=FEMALE, dateOfBirth=2022-12-12, phoneNumber=1234567892, email=sarah.sue@example.com)
2023-04-04 00:22:13 [http-nio-8080-exec-5] INFO  l.e.e.service.PersonService - Saving person: Person(id=null, firstName=Diana, lastName=Sue, gender=FEMALE, dateOfBirth=2022-12-12, phoneNumber=1234567892, email=sarah.sue@example.com)
2023-04-04 00:23:14 [SpringApplicationShutdownHook] INFO  o.s.o.j.LocalContainerEntityManagerFactoryBean - Closing JPA EntityManagerFactory for persistence unit 'default'
2023-04-04 00:23:14 [SpringApplicationShutdownHook] INFO  com.zaxxer.hikari.HikariDataSource - HikariPool-1 - Shutdown initiated...
2023-04-04 00:23:14 [SpringApplicationShutdownHook] INFO  com.zaxxer.hikari.HikariDataSource - HikariPool-1 - Shutdown completed.
2023-04-04 00:23:23 [background-preinit] INFO  o.h.validator.internal.util.Version - HV000001: Hibernate Validator 8.0.0.Final
2023-04-04 00:23:23 [main] INFO  l.e.e.ErgoWebServiceApplication - Starting ErgoWebServiceApplication using Java 17.0.5 with PID 91248 (/Users/antonsdolgopolovs/IdeaProjects/test_projects/ergo-web-service/target/classes started by antonsdolgopolovs in /Users/antonsdolgopolovs/IdeaProjects/test_projects/ergo-web-service)
2023-04-04 00:23:23 [main] INFO  l.e.e.ErgoWebServiceApplication - No active profile set, falling back to 1 default profile: "default"
2023-04-04 00:23:23 [main] INFO  o.s.d.r.c.RepositoryConfigurationDelegate - Bootstrapping Spring Data JPA repositories in DEFAULT mode.
2023-04-04 00:23:23 [main] INFO  o.s.d.r.c.RepositoryConfigurationDelegate - Finished Spring Data repository scanning in 40 ms. Found 1 JPA repository interfaces.
2023-04-04 00:23:24 [main] INFO  o.s.b.w.e.tomcat.TomcatWebServer - Tomcat initialized with port(s): 8080 (http)
2023-04-04 00:23:24 [main] INFO  o.a.coyote.http11.Http11NioProtocol - Initializing ProtocolHandler ["http-nio-8080"]
2023-04-04 00:23:24 [main] INFO  o.a.catalina.core.StandardService - Starting service [Tomcat]
2023-04-04 00:23:24 [main] INFO  o.a.catalina.core.StandardEngine - Starting Servlet engine: [Apache Tomcat/10.1.7]
2023-04-04 00:23:24 [main] INFO  o.a.c.c.C.[Tomcat].[localhost].[/] - Initializing Spring embedded WebApplicationContext
2023-04-04 00:23:24 [main] INFO  o.s.b.w.s.c.ServletWebServerApplicationContext - Root WebApplicationContext: initialization completed in 956 ms
2023-04-04 00:23:24 [main] INFO  com.zaxxer.hikari.HikariDataSource - HikariPool-1 - Starting...
2023-04-04 00:23:24 [main] INFO  com.zaxxer.hikari.pool.HikariPool - HikariPool-1 - Added connection conn0: url=jdbc:h2:file:./src/main/resources/data/ergo_web_service_db user=ERGO_SERVICE
2023-04-04 00:23:24 [main] INFO  com.zaxxer.hikari.HikariDataSource - HikariPool-1 - Start completed.
2023-04-04 00:23:24 [main] INFO  o.s.b.a.h.H2ConsoleAutoConfiguration - H2 console available at '/h2-console'. Database available at 'jdbc:h2:file:./src/main/resources/data/ergo_web_service_db'
2023-04-04 00:23:24 [main] INFO  o.h.jpa.internal.util.LogHelper - HHH000204: Processing PersistenceUnitInfo [name: default]
2023-04-04 00:23:24 [main] INFO  org.hibernate.Version - HHH000412: Hibernate ORM core version 6.1.7.Final
2023-04-04 00:23:24 [main] INFO  SQL dialect - HHH000400: Using dialect: org.hibernate.dialect.H2Dialect
2023-04-04 00:23:25 [main] INFO  o.h.e.t.j.p.i.JtaPlatformInitiator - HHH000490: Using JtaPlatform implementation: [org.hibernate.engine.transaction.jta.platform.internal.NoJtaPlatform]
2023-04-04 00:23:25 [main] INFO  o.s.o.j.LocalContainerEntityManagerFactoryBean - Initialized JPA EntityManagerFactory for persistence unit 'default'
2023-04-04 00:23:25 [main] WARN  o.s.b.a.o.j.JpaBaseConfiguration$JpaWebConfiguration - spring.jpa.open-in-view is enabled by default. Therefore, database queries may be performed during view rendering. Explicitly configure spring.jpa.open-in-view to disable this warning
2023-04-04 00:23:26 [main] INFO  o.a.coyote.http11.Http11NioProtocol - Starting ProtocolHandler ["http-nio-8080"]
2023-04-04 00:23:26 [main] INFO  o.s.b.w.e.tomcat.TomcatWebServer - Tomcat started on port(s): 8080 (http) with context path ''
2023-04-04 00:23:26 [main] INFO  l.e.e.ErgoWebServiceApplication - Started ErgoWebServiceApplication in 3.202 seconds (process running for 8.786)
2023-04-04 00:23:52 [SpringApplicationShutdownHook] INFO  o.s.o.j.LocalContainerEntityManagerFactoryBean - Closing JPA EntityManagerFactory for persistence unit 'default'
2023-04-04 00:23:52 [SpringApplicationShutdownHook] INFO  com.zaxxer.hikari.HikariDataSource - HikariPool-1 - Shutdown initiated...
2023-04-04 00:23:52 [SpringApplicationShutdownHook] INFO  com.zaxxer.hikari.HikariDataSource - HikariPool-1 - Shutdown completed.
2023-04-04 00:24:00 [background-preinit] INFO  o.h.validator.internal.util.Version - HV000001: Hibernate Validator 8.0.0.Final
2023-04-04 00:24:00 [main] INFO  l.e.e.ErgoWebServiceApplication - Starting ErgoWebServiceApplication using Java 17.0.5 with PID 91251 (/Users/antonsdolgopolovs/IdeaProjects/test_projects/ergo-web-service/target/classes started by antonsdolgopolovs in /Users/antonsdolgopolovs/IdeaProjects/test_projects/ergo-web-service)
2023-04-04 00:24:00 [main] INFO  l.e.e.ErgoWebServiceApplication - No active profile set, falling back to 1 default profile: "default"
2023-04-04 00:24:01 [main] INFO  o.s.d.r.c.RepositoryConfigurationDelegate - Bootstrapping Spring Data JPA repositories in DEFAULT mode.
2023-04-04 00:24:01 [main] INFO  o.s.d.r.c.RepositoryConfigurationDelegate - Finished Spring Data repository scanning in 42 ms. Found 1 JPA repository interfaces.
2023-04-04 00:24:01 [main] INFO  o.s.b.w.e.tomcat.TomcatWebServer - Tomcat initialized with port(s): 8080 (http)
2023-04-04 00:24:01 [main] INFO  o.a.coyote.http11.Http11NioProtocol - Initializing ProtocolHandler ["http-nio-8080"]
2023-04-04 00:24:01 [main] INFO  o.a.catalina.core.StandardService - Starting service [Tomcat]
2023-04-04 00:24:01 [main] INFO  o.a.catalina.core.StandardEngine - Starting Servlet engine: [Apache Tomcat/10.1.7]
2023-04-04 00:24:01 [main] INFO  o.a.c.c.C.[Tomcat].[localhost].[/] - Initializing Spring embedded WebApplicationContext
2023-04-04 00:24:01 [main] INFO  o.s.b.w.s.c.ServletWebServerApplicationContext - Root WebApplicationContext: initialization completed in 959 ms
2023-04-04 00:24:01 [main] INFO  com.zaxxer.hikari.HikariDataSource - HikariPool-1 - Starting...
2023-04-04 00:24:01 [main] INFO  com.zaxxer.hikari.pool.HikariPool - HikariPool-1 - Added connection conn0: url=jdbc:h2:file:./src/main/resources/data/ergo_web_service_db user=ERGO_SERVICE
2023-04-04 00:24:01 [main] INFO  com.zaxxer.hikari.HikariDataSource - HikariPool-1 - Start completed.
2023-04-04 00:24:01 [main] INFO  o.s.b.a.h.H2ConsoleAutoConfiguration - H2 console available at '/h2-console'. Database available at 'jdbc:h2:file:./src/main/resources/data/ergo_web_service_db'
2023-04-04 00:24:01 [main] INFO  o.h.jpa.internal.util.LogHelper - HHH000204: Processing PersistenceUnitInfo [name: default]
2023-04-04 00:24:01 [main] INFO  org.hibernate.Version - HHH000412: Hibernate ORM core version 6.1.7.Final
2023-04-04 00:24:02 [main] INFO  SQL dialect - HHH000400: Using dialect: org.hibernate.dialect.H2Dialect
2023-04-04 00:24:02 [main] INFO  o.h.e.t.j.p.i.JtaPlatformInitiator - HHH000490: Using JtaPlatform implementation: [org.hibernate.engine.transaction.jta.platform.internal.NoJtaPlatform]
2023-04-04 00:24:02 [main] INFO  o.s.o.j.LocalContainerEntityManagerFactoryBean - Initialized JPA EntityManagerFactory for persistence unit 'default'
2023-04-04 00:24:03 [main] WARN  o.s.b.a.o.j.JpaBaseConfiguration$JpaWebConfiguration - spring.jpa.open-in-view is enabled by default. Therefore, database queries may be performed during view rendering. Explicitly configure spring.jpa.open-in-view to disable this warning
2023-04-04 00:24:03 [main] INFO  o.a.coyote.http11.Http11NioProtocol - Starting ProtocolHandler ["http-nio-8080"]
2023-04-04 00:24:03 [main] INFO  o.s.b.w.e.tomcat.TomcatWebServer - Tomcat started on port(s): 8080 (http) with context path ''
2023-04-04 00:24:03 [main] INFO  l.e.e.ErgoWebServiceApplication - Started ErgoWebServiceApplication in 3.095 seconds (process running for 8.677)
2023-04-04 00:24:08 [http-nio-8080-exec-1] INFO  o.a.c.c.C.[Tomcat].[localhost].[/] - Initializing Spring DispatcherServlet 'dispatcherServlet'
2023-04-04 00:24:08 [http-nio-8080-exec-1] INFO  o.s.web.servlet.DispatcherServlet - Initializing Servlet 'dispatcherServlet'
2023-04-04 00:24:08 [http-nio-8080-exec-1] INFO  o.s.web.servlet.DispatcherServlet - Completed initialization in 1 ms
2023-04-04 00:24:08 [http-nio-8080-exec-1] INFO  l.e.e.service.PersonService - Saving person: Person(id=null, firstName=Diana, lastName=Sue, gender=FEMALE, dateOfBirth=2022-12-12, phoneNumber=1234567892, email=sarah.sue@example.com)
2023-04-04 00:24:09 [http-nio-8080-exec-3] INFO  l.e.e.service.PersonService - Saving person: Person(id=null, firstName=Diana, lastName=Sue, gender=FEMALE, dateOfBirth=2022-12-12, phoneNumber=1234567892, email=sarah.sue@example.com)
2023-04-04 00:24:10 [http-nio-8080-exec-4] INFO  l.e.e.service.PersonService - Saving person: Person(id=null, firstName=Diana, lastName=Sue, gender=FEMALE, dateOfBirth=2022-12-12, phoneNumber=1234567892, email=sarah.sue@example.com)
2023-04-04 00:32:55 [SpringApplicationShutdownHook] INFO  o.s.o.j.LocalContainerEntityManagerFactoryBean - Closing JPA EntityManagerFactory for persistence unit 'default'
2023-04-04 00:32:55 [SpringApplicationShutdownHook] INFO  com.zaxxer.hikari.HikariDataSource - HikariPool-1 - Shutdown initiated...
2023-04-04 00:32:55 [SpringApplicationShutdownHook] INFO  com.zaxxer.hikari.HikariDataSource - HikariPool-1 - Shutdown completed.
2023-04-04 00:33:07 [background-preinit] INFO  o.h.validator.internal.util.Version - HV000001: Hibernate Validator 8.0.0.Final
2023-04-04 00:33:07 [main] INFO  l.e.e.ErgoWebServiceApplication - Starting ErgoWebServiceApplication using Java 17.0.5 with PID 91318 (/Users/antonsdolgopolovs/IdeaProjects/test_projects/ergo-web-service/target/classes started by antonsdolgopolovs in /Users/antonsdolgopolovs/IdeaProjects/test_projects/ergo-web-service)
2023-04-04 00:33:07 [main] INFO  l.e.e.ErgoWebServiceApplication - No active profile set, falling back to 1 default profile: "default"
2023-04-04 00:33:07 [main] INFO  o.s.d.r.c.RepositoryConfigurationDelegate - Bootstrapping Spring Data JPA repositories in DEFAULT mode.
2023-04-04 00:33:07 [main] INFO  o.s.d.r.c.RepositoryConfigurationDelegate - Finished Spring Data repository scanning in 43 ms. Found 1 JPA repository interfaces.
2023-04-04 00:33:08 [main] INFO  o.s.b.w.e.tomcat.TomcatWebServer - Tomcat initialized with port(s): 8080 (http)
2023-04-04 00:33:08 [main] INFO  o.a.coyote.http11.Http11NioProtocol - Initializing ProtocolHandler ["http-nio-8080"]
2023-04-04 00:33:08 [main] INFO  o.a.catalina.core.StandardService - Starting service [Tomcat]
2023-04-04 00:33:08 [main] INFO  o.a.catalina.core.StandardEngine - Starting Servlet engine: [Apache Tomcat/10.1.7]
2023-04-04 00:33:08 [main] INFO  o.a.c.c.C.[Tomcat].[localhost].[/] - Initializing Spring embedded WebApplicationContext
2023-04-04 00:33:08 [main] INFO  o.s.b.w.s.c.ServletWebServerApplicationContext - Root WebApplicationContext: initialization completed in 1024 ms
2023-04-04 00:33:08 [main] INFO  com.zaxxer.hikari.HikariDataSource - HikariPool-1 - Starting...
2023-04-04 00:33:08 [main] INFO  com.zaxxer.hikari.pool.HikariPool - HikariPool-1 - Added connection conn0: url=jdbc:h2:file:./src/main/resources/data/ergo_web_service_db user=ERGO_SERVICE
2023-04-04 00:33:08 [main] INFO  com.zaxxer.hikari.HikariDataSource - HikariPool-1 - Start completed.
2023-04-04 00:33:08 [main] INFO  o.s.b.a.h.H2ConsoleAutoConfiguration - H2 console available at '/h2-console'. Database available at 'jdbc:h2:file:./src/main/resources/data/ergo_web_service_db'
2023-04-04 00:33:08 [main] INFO  o.h.jpa.internal.util.LogHelper - HHH000204: Processing PersistenceUnitInfo [name: default]
2023-04-04 00:33:08 [main] INFO  org.hibernate.Version - HHH000412: Hibernate ORM core version 6.1.7.Final
2023-04-04 00:33:08 [main] INFO  SQL dialect - HHH000400: Using dialect: org.hibernate.dialect.H2Dialect
2023-04-04 00:33:09 [main] INFO  o.h.e.t.j.p.i.JtaPlatformInitiator - HHH000490: Using JtaPlatform implementation: [org.hibernate.engine.transaction.jta.platform.internal.NoJtaPlatform]
2023-04-04 00:33:09 [main] INFO  o.s.o.j.LocalContainerEntityManagerFactoryBean - Initialized JPA EntityManagerFactory for persistence unit 'default'
2023-04-04 00:33:09 [main] WARN  o.s.b.a.o.j.JpaBaseConfiguration$JpaWebConfiguration - spring.jpa.open-in-view is enabled by default. Therefore, database queries may be performed during view rendering. Explicitly configure spring.jpa.open-in-view to disable this warning
2023-04-04 00:33:10 [main] INFO  o.a.coyote.http11.Http11NioProtocol - Starting ProtocolHandler ["http-nio-8080"]
2023-04-04 00:33:10 [main] INFO  o.s.b.w.e.tomcat.TomcatWebServer - Tomcat started on port(s): 8080 (http) with context path ''
2023-04-04 00:33:10 [main] INFO  l.e.e.ErgoWebServiceApplication - Started ErgoWebServiceApplication in 3.342 seconds (process running for 8.945)
2023-04-04 00:33:18 [http-nio-8080-exec-2] INFO  o.a.c.c.C.[Tomcat].[localhost].[/] - Initializing Spring DispatcherServlet 'dispatcherServlet'
2023-04-04 00:33:18 [http-nio-8080-exec-2] INFO  o.s.web.servlet.DispatcherServlet - Initializing Servlet 'dispatcherServlet'
2023-04-04 00:33:18 [http-nio-8080-exec-2] INFO  o.s.web.servlet.DispatcherServlet - Completed initialization in 1 ms
2023-04-04 00:33:39 [http-nio-8080-exec-3] INFO  l.e.e.service.PersonService - Saving person: Person(id=1, firstName=Sasha, lastName=Donnohil, gender=FEMALE, dateOfBirth=2022-12-12, phoneNumber=1234567892, email=sarah.sue@example.com)
2023-04-04 00:33:43 [http-nio-8080-exec-4] WARN  o.s.w.s.m.s.DefaultHandlerExceptionResolver - Resolved [org.springframework.web.HttpRequestMethodNotSupportedException: Request method 'GET' is not supported]
2023-04-04 00:46:22 [SpringApplicationShutdownHook] INFO  o.s.o.j.LocalContainerEntityManagerFactoryBean - Closing JPA EntityManagerFactory for persistence unit 'default'
2023-04-04 00:46:22 [SpringApplicationShutdownHook] INFO  com.zaxxer.hikari.HikariDataSource - HikariPool-1 - Shutdown initiated...
2023-04-04 00:46:22 [SpringApplicationShutdownHook] INFO  com.zaxxer.hikari.HikariDataSource - HikariPool-1 - Shutdown completed.
2023-04-04 00:46:31 [background-preinit] INFO  o.h.validator.internal.util.Version - HV000001: Hibernate Validator 8.0.0.Final
2023-04-04 00:46:31 [main] INFO  l.e.e.ErgoWebServiceApplication - Starting ErgoWebServiceApplication using Java 17.0.5 with PID 91381 (/Users/antonsdolgopolovs/IdeaProjects/test_projects/ergo-web-service/target/classes started by antonsdolgopolovs in /Users/antonsdolgopolovs/IdeaProjects/test_projects/ergo-web-service)
2023-04-04 00:46:31 [main] INFO  l.e.e.ErgoWebServiceApplication - No active profile set, falling back to 1 default profile: "default"
2023-04-04 00:46:32 [main] INFO  o.s.d.r.c.RepositoryConfigurationDelegate - Bootstrapping Spring Data JPA repositories in DEFAULT mode.
2023-04-04 00:46:32 [main] INFO  o.s.d.r.c.RepositoryConfigurationDelegate - Finished Spring Data repository scanning in 44 ms. Found 1 JPA repository interfaces.
2023-04-04 00:46:32 [main] INFO  o.s.b.w.e.tomcat.TomcatWebServer - Tomcat initialized with port(s): 8080 (http)
2023-04-04 00:46:32 [main] INFO  o.a.coyote.http11.Http11NioProtocol - Initializing ProtocolHandler ["http-nio-8080"]
2023-04-04 00:46:32 [main] INFO  o.a.catalina.core.StandardService - Starting service [Tomcat]
2023-04-04 00:46:32 [main] INFO  o.a.catalina.core.StandardEngine - Starting Servlet engine: [Apache Tomcat/10.1.7]
2023-04-04 00:46:32 [main] INFO  o.a.c.c.C.[Tomcat].[localhost].[/] - Initializing Spring embedded WebApplicationContext
2023-04-04 00:46:32 [main] INFO  o.s.b.w.s.c.ServletWebServerApplicationContext - Root WebApplicationContext: initialization completed in 1056 ms
2023-04-04 00:46:32 [main] INFO  com.zaxxer.hikari.HikariDataSource - HikariPool-1 - Starting...
2023-04-04 00:46:33 [main] INFO  com.zaxxer.hikari.pool.HikariPool - HikariPool-1 - Added connection conn0: url=jdbc:h2:file:./src/main/resources/data/ergo_web_service_db user=ERGO_SERVICE
2023-04-04 00:46:33 [main] INFO  com.zaxxer.hikari.HikariDataSource - HikariPool-1 - Start completed.
2023-04-04 00:46:33 [main] INFO  o.s.b.a.h.H2ConsoleAutoConfiguration - H2 console available at '/h2-console'. Database available at 'jdbc:h2:file:./src/main/resources/data/ergo_web_service_db'
2023-04-04 00:46:33 [main] INFO  o.h.jpa.internal.util.LogHelper - HHH000204: Processing PersistenceUnitInfo [name: default]
2023-04-04 00:46:33 [main] INFO  org.hibernate.Version - HHH000412: Hibernate ORM core version 6.1.7.Final
2023-04-04 00:46:33 [main] INFO  SQL dialect - HHH000400: Using dialect: org.hibernate.dialect.H2Dialect
2023-04-04 00:46:34 [main] INFO  o.h.e.t.j.p.i.JtaPlatformInitiator - HHH000490: Using JtaPlatform implementation: [org.hibernate.engine.transaction.jta.platform.internal.NoJtaPlatform]
2023-04-04 00:46:34 [main] INFO  o.s.o.j.LocalContainerEntityManagerFactoryBean - Initialized JPA EntityManagerFactory for persistence unit 'default'
2023-04-04 00:46:34 [main] WARN  o.s.b.a.o.j.JpaBaseConfiguration$JpaWebConfiguration - spring.jpa.open-in-view is enabled by default. Therefore, database queries may be performed during view rendering. Explicitly configure spring.jpa.open-in-view to disable this warning
2023-04-04 00:46:34 [main] INFO  o.a.coyote.http11.Http11NioProtocol - Starting ProtocolHandler ["http-nio-8080"]
2023-04-04 00:46:34 [main] INFO  o.s.b.w.e.tomcat.TomcatWebServer - Tomcat started on port(s): 8080 (http) with context path ''
2023-04-04 00:46:34 [main] INFO  l.e.e.ErgoWebServiceApplication - Started ErgoWebServiceApplication in 3.426 seconds (process running for 9.015)
2023-04-04 00:47:32 [SpringApplicationShutdownHook] INFO  o.s.o.j.LocalContainerEntityManagerFactoryBean - Closing JPA EntityManagerFactory for persistence unit 'default'
2023-04-04 00:47:32 [SpringApplicationShutdownHook] INFO  com.zaxxer.hikari.HikariDataSource - HikariPool-1 - Shutdown initiated...
2023-04-04 00:47:32 [SpringApplicationShutdownHook] INFO  com.zaxxer.hikari.HikariDataSource - HikariPool-1 - Shutdown completed.
2023-04-04 15:18:05 [main] INFO  l.e.e.service.PersonService - Saving person: Person(id=1, firstName=Test, lastName=Person, gender=MALE, dateOfBirth=2023-04-04, phoneNumber=1234567890, email=test.person@mail.com)
2023-04-04 15:18:53 [main] INFO  l.e.e.service.PersonService - Saving person: Person(id=1, firstName=Test, lastName=Person, gender=MALE, dateOfBirth=2023-04-04, phoneNumber=1234567890, email=test.person@mail.com)
2023-04-04 15:27:42 [main] INFO  l.e.e.service.PersonService - Saving person: Person(id=1, firstName=Test, lastName=Person, gender=MALE, dateOfBirth=2023-04-04, phoneNumber=1234567890, email=test.person@mail.com)
2023-04-04 15:27:42 [main] INFO  l.e.e.service.PersonService - Saving person: Person(id=1, firstName=Test, lastName=Person, gender=MALE, dateOfBirth=2023-04-04, phoneNumber=1234567890, email=test.person@mail.com)
2023-04-04 15:27:42 [main] INFO  l.e.e.service.PersonService - Saving person: Person(id=1, firstName=Test, lastName=Person, gender=MALE, dateOfBirth=2023-04-04, phoneNumber=1234567890, email=test.person@mail.com)
2023-04-04 15:30:02 [main] INFO  l.e.e.service.PersonService - Saving person: Person(id=1, firstName=Test, lastName=Person, gender=MALE, dateOfBirth=2023-04-04, phoneNumber=1234567890, email=test.person@mail.com)
2023-04-04 15:30:28 [main] INFO  l.e.e.service.PersonService - Saving person: Person(id=1, firstName=Test, lastName=Person, gender=MALE, dateOfBirth=2023-04-04, phoneNumber=1234567890, email=test.person@mail.com)
2023-04-04 15:31:16 [main] INFO  l.e.e.service.PersonService - Saving person: Person(id=1, firstName=Test, lastName=Person, gender=MALE, dateOfBirth=2023-04-04, phoneNumber=1234567890, email=test.person@mail.com)
2023-04-04 15:32:05 [main] INFO  l.e.e.service.PersonService - Saving person: Person(id=1, firstName=Test, lastName=Person, gender=MALE, dateOfBirth=2023-04-04, phoneNumber=1234567890, email=test.person@mail.com)
2023-04-04 15:33:00 [main] INFO  l.e.e.service.PersonService - Saving person: Person(id=1, firstName=Test, lastName=Person, gender=MALE, dateOfBirth=2023-04-04, phoneNumber=1234567890, email=test.person@mail.com)
2023-04-04 15:33:32 [main] INFO  l.e.e.service.PersonService - Saving person: Person(id=1, firstName=Test, lastName=Person, gender=MALE, dateOfBirth=2023-04-04, phoneNumber=1234567890, email=test.person@mail.com)
2023-04-04 15:33:42 [main] INFO  l.e.e.service.PersonService - Saving person: Person(id=1, firstName=Test, lastName=Person, gender=MALE, dateOfBirth=2023-04-04, phoneNumber=1234567890, email=test.person@mail.com)
2023-04-04 15:35:16 [main] INFO  l.e.e.service.PersonService - Saving person: Person(id=1, firstName=Test, lastName=Person, gender=MALE, dateOfBirth=2023-04-04, phoneNumber=1234567890, email=test.person@mail.com)
2023-04-04 15:38:11 [main] INFO  l.e.e.service.PersonService - Saving person: Person(id=1, firstName=Test, lastName=Person, gender=MALE, dateOfBirth=2023-04-04, phoneNumber=1234567890, email=test.person@mail.com)
2023-04-04 15:57:45 [main] INFO  l.e.e.service.PersonService - Saving person: Person(id=1, firstName=Test, lastName=Person, gender=MALE, dateOfBirth=2023-04-04, phoneNumber=1234567890, email=test.person@mail.com)
2023-04-04 15:57:45 [main] INFO  l.e.e.service.PersonService - Saving person: Person(id=1, firstName=Test, lastName=Person, gender=MALE, dateOfBirth=2023-04-04, phoneNumber=1234567890, email=test.person@mail.com)
2023-04-04 15:57:45 [main] INFO  l.e.e.service.PersonService - Saving person: Person(id=1, firstName=Test, lastName=Person, gender=MALE, dateOfBirth=2023-04-04, phoneNumber=1234567890, email=test.person@mail.com)
2023-04-04 16:24:39 [main] INFO  l.e.e.service.PersonService - Saving person: Person(id=1, firstName=Test, lastName=Person, gender=MALE, dateOfBirth=2023-04-04, phoneNumber=1234567890, email=test.person@mail.com)
2023-04-04 16:24:57 [main] INFO  l.e.e.service.PersonService - Saving person: Person(id=1, firstName=Test, lastName=Person, gender=MALE, dateOfBirth=2023-04-04, phoneNumber=1234567890, email=test.person@mail.com)
2023-04-04 16:24:57 [main] INFO  l.e.e.service.PersonService - Saving person: Person(id=1, firstName=Test, lastName=Person, gender=MALE, dateOfBirth=2023-04-04, phoneNumber=1234567890, email=test.person@mail.com)
2023-04-04 16:24:57 [main] INFO  l.e.e.service.PersonService - Saving person: Person(id=1, firstName=Test, lastName=Person, gender=MALE, dateOfBirth=2023-04-04, phoneNumber=1234567890, email=test.person@mail.com)
2023-04-04 16:42:12 [main] INFO  l.e.e.service.PersonService - Person with ID 1 was successfully deleted
2023-04-04 16:42:23 [main] INFO  l.e.e.service.PersonService - Person with ID 1 was successfully deleted
2023-04-04 16:42:45 [main] INFO  l.e.e.service.PersonService - Saving person: Person(id=1, firstName=Test, lastName=Person, gender=MALE, dateOfBirth=2023-04-04, phoneNumber=1234567890, email=test.person@mail.com)
2023-04-04 16:42:45 [main] INFO  l.e.e.service.PersonService - Person with ID 1 was successfully deleted
2023-04-04 16:42:45 [main] INFO  l.e.e.service.PersonService - Saving person: Person(id=1, firstName=Test, lastName=Person, gender=MALE, dateOfBirth=2023-04-04, phoneNumber=1234567890, email=test.person@mail.com)
2023-04-04 16:44:31 [main] INFO  l.e.e.service.PersonService - Saving person: Person(id=1, firstName=Test, lastName=Person, gender=MALE, dateOfBirth=2023-04-04, phoneNumber=1234567890, email=test.person@mail.com)
2023-04-04 17:34:00 [main] INFO  l.e.e.service.PersonService - Person with ID 1 was successfully deleted
2023-04-04 17:34:00 [main] INFO  l.e.e.service.PersonService - Saving person: Person(id=1, firstName=Test, lastName=Person, gender=MALE, dateOfBirth=2023-04-04, phoneNumber=1234567890, email=test@mail.com)
2023-04-04 17:34:00 [main] INFO  l.e.e.service.PersonService - Saving person: Person(id=1, firstName=Test, lastName=Person, gender=MALE, dateOfBirth=2023-04-04, phoneNumber=1234567890, email=test@mail.com)
2023-04-04 18:00:58 [main] INFO  l.e.e.service.PersonService - Person with ID 1 was successfully deleted
2023-04-04 18:00:58 [main] INFO  l.e.e.service.PersonService - Saving person: Person(id=1, firstName=Test, lastName=Person, gender=MALE, dateOfBirth=2023-04-04, phoneNumber=1234567890, email=test@mail.com)
2023-04-04 18:00:58 [main] INFO  l.e.e.service.PersonService - Saving person: Person(id=1, firstName=Test, lastName=Person, gender=MALE, dateOfBirth=2023-04-04, phoneNumber=1234567890, email=test@mail.com)
2023-04-04 18:17:49 [main] INFO  o.s.t.c.s.AnnotationConfigContextLoaderUtils - Could not detect default configuration classes for test class [lv.ergo.ergowebservice.ErgoWebServiceApplicationTests]: ErgoWebServiceApplicationTests does not declare any static, non-private, non-final, nested classes annotated with @Configuration.
2023-04-04 18:17:49 [main] INFO  o.s.b.t.c.SpringBootTestContextBootstrapper - Found @SpringBootConfiguration lv.ergo.ergowebservice.ErgoWebServiceApplication for test class lv.ergo.ergowebservice.ErgoWebServiceApplicationTests
2023-04-04 18:17:49 [background-preinit] INFO  o.h.validator.internal.util.Version - HV000001: Hibernate Validator 8.0.0.Final
2023-04-04 18:17:49 [main] INFO  l.e.e.ErgoWebServiceApplicationTests - Starting ErgoWebServiceApplicationTests using Java 17.0.5 with PID 2949 (started by antonsdolgopolovs in /Users/antonsdolgopolovs/IdeaProjects/test_projects/ergo-web-service)
2023-04-04 18:17:49 [main] INFO  l.e.e.ErgoWebServiceApplicationTests - No active profile set, falling back to 1 default profile: "default"
2023-04-04 18:17:50 [main] INFO  o.s.d.r.c.RepositoryConfigurationDelegate - Bootstrapping Spring Data JPA repositories in DEFAULT mode.
2023-04-04 18:17:50 [main] INFO  o.s.d.r.c.RepositoryConfigurationDelegate - Finished Spring Data repository scanning in 58 ms. Found 1 JPA repository interfaces.
2023-04-04 18:17:51 [main] INFO  o.h.jpa.internal.util.LogHelper - HHH000204: Processing PersistenceUnitInfo [name: default]
2023-04-04 18:17:51 [main] INFO  org.hibernate.Version - HHH000412: Hibernate ORM core version 6.1.7.Final
2023-04-04 18:17:51 [main] INFO  com.zaxxer.hikari.HikariDataSource - HikariPool-1 - Starting...
2023-04-04 18:17:51 [main] INFO  com.zaxxer.hikari.pool.HikariPool - HikariPool-1 - Added connection conn0: url=jdbc:h2:file:./src/main/resources/data/ergo_web_service_db user=ERGO_SERVICE
2023-04-04 18:17:51 [main] INFO  com.zaxxer.hikari.HikariDataSource - HikariPool-1 - Start completed.
2023-04-04 18:17:51 [main] INFO  SQL dialect - HHH000400: Using dialect: org.hibernate.dialect.H2Dialect
2023-04-04 18:17:52 [main] INFO  o.h.e.t.j.p.i.JtaPlatformInitiator - HHH000490: Using JtaPlatform implementation: [org.hibernate.engine.transaction.jta.platform.internal.NoJtaPlatform]
2023-04-04 18:17:52 [main] INFO  o.s.o.j.LocalContainerEntityManagerFactoryBean - Initialized JPA EntityManagerFactory for persistence unit 'default'
2023-04-04 18:17:52 [main] WARN  o.s.c.LocalVariableTableParameterNameDiscoverer - Using deprecated '-debug' fallback for parameter name resolution. Compile the affected code with '-parameters' instead or avoid its introspection: lv.ergo.ergowebservice.repository.PersonRepository
2023-04-04 18:17:53 [main] WARN  o.s.b.a.o.j.JpaBaseConfiguration$JpaWebConfiguration - spring.jpa.open-in-view is enabled by default. Therefore, database queries may be performed during view rendering. Explicitly configure spring.jpa.open-in-view to disable this warning
2023-04-04 18:17:53 [main] INFO  o.s.b.a.h.H2ConsoleAutoConfiguration - H2 console available at '/h2-console'. Database available at 'jdbc:h2:file:./src/main/resources/data/ergo_web_service_db'
2023-04-04 18:17:53 [main] INFO  l.e.e.ErgoWebServiceApplicationTests - Started ErgoWebServiceApplicationTests in 3.982 seconds (process running for 5.023)
2023-04-04 18:17:53 [SpringApplicationShutdownHook] INFO  o.s.o.j.LocalContainerEntityManagerFactoryBean - Closing JPA EntityManagerFactory for persistence unit 'default'
2023-04-04 18:17:53 [SpringApplicationShutdownHook] INFO  com.zaxxer.hikari.HikariDataSource - HikariPool-1 - Shutdown initiated...
2023-04-04 18:17:53 [SpringApplicationShutdownHook] INFO  com.zaxxer.hikari.HikariDataSource - HikariPool-1 - Shutdown completed.
2023-04-04 18:39:55 [main] INFO  o.s.t.c.s.AnnotationConfigContextLoaderUtils - Could not detect default configuration classes for test class [lv.ergo.ergowebservice.ErgoWebServiceApplicationTests]: ErgoWebServiceApplicationTests does not declare any static, non-private, non-final, nested classes annotated with @Configuration.
2023-04-04 18:39:55 [main] INFO  o.s.b.t.c.SpringBootTestContextBootstrapper - Found @SpringBootConfiguration lv.ergo.ergowebservice.ErgoWebServiceApplication for test class lv.ergo.ergowebservice.ErgoWebServiceApplicationTests
2023-04-04 18:39:55 [background-preinit] INFO  o.h.validator.internal.util.Version - HV000001: Hibernate Validator 8.0.0.Final
2023-04-04 18:39:55 [main] INFO  l.e.e.ErgoWebServiceApplicationTests - Starting ErgoWebServiceApplicationTests using Java 17.0.5 with PID 3112 (started by antonsdolgopolovs in /Users/antonsdolgopolovs/IdeaProjects/test_projects/ergo-web-service)
2023-04-04 18:39:55 [main] INFO  l.e.e.ErgoWebServiceApplicationTests - No active profile set, falling back to 1 default profile: "default"
2023-04-04 18:39:56 [main] INFO  o.s.d.r.c.RepositoryConfigurationDelegate - Bootstrapping Spring Data JPA repositories in DEFAULT mode.
2023-04-04 18:39:56 [main] INFO  o.s.d.r.c.RepositoryConfigurationDelegate - Finished Spring Data repository scanning in 51 ms. Found 1 JPA repository interfaces.
2023-04-04 18:39:56 [main] INFO  o.h.jpa.internal.util.LogHelper - HHH000204: Processing PersistenceUnitInfo [name: default]
2023-04-04 18:39:56 [main] INFO  org.hibernate.Version - HHH000412: Hibernate ORM core version 6.1.7.Final
2023-04-04 18:39:57 [main] INFO  com.zaxxer.hikari.HikariDataSource - HikariPool-1 - Starting...
2023-04-04 18:39:57 [main] INFO  com.zaxxer.hikari.pool.HikariPool - HikariPool-1 - Added connection conn0: url=jdbc:h2:file:./src/main/resources/data/ergo_web_service_db user=ERGO_SERVICE
2023-04-04 18:39:57 [main] INFO  com.zaxxer.hikari.HikariDataSource - HikariPool-1 - Start completed.
2023-04-04 18:39:57 [main] INFO  SQL dialect - HHH000400: Using dialect: org.hibernate.dialect.H2Dialect
2023-04-04 18:39:58 [main] INFO  o.h.e.t.j.p.i.JtaPlatformInitiator - HHH000490: Using JtaPlatform implementation: [org.hibernate.engine.transaction.jta.platform.internal.NoJtaPlatform]
2023-04-04 18:39:58 [main] INFO  o.s.o.j.LocalContainerEntityManagerFactoryBean - Initialized JPA EntityManagerFactory for persistence unit 'default'
2023-04-04 18:39:58 [main] WARN  o.s.b.a.o.j.JpaBaseConfiguration$JpaWebConfiguration - spring.jpa.open-in-view is enabled by default. Therefore, database queries may be performed during view rendering. Explicitly configure spring.jpa.open-in-view to disable this warning
2023-04-04 18:39:58 [main] INFO  o.s.b.a.h.H2ConsoleAutoConfiguration - H2 console available at '/h2-console'. Database available at 'jdbc:h2:file:./src/main/resources/data/ergo_web_service_db'
2023-04-04 18:39:58 [main] INFO  l.e.e.ErgoWebServiceApplicationTests - Started ErgoWebServiceApplicationTests in 3.54 seconds (process running for 4.885)
2023-04-04 18:39:59 [SpringApplicationShutdownHook] INFO  o.s.o.j.LocalContainerEntityManagerFactoryBean - Closing JPA EntityManagerFactory for persistence unit 'default'
2023-04-04 18:39:59 [SpringApplicationShutdownHook] INFO  com.zaxxer.hikari.HikariDataSource - HikariPool-1 - Shutdown initiated...
2023-04-04 18:39:59 [SpringApplicationShutdownHook] INFO  com.zaxxer.hikari.HikariDataSource - HikariPool-1 - Shutdown completed.
2023-04-04 18:40:18 [main] INFO  l.e.e.service.PersonService - Person with ID 1 was successfully deleted
2023-04-04 18:40:18 [main] INFO  l.e.e.service.PersonService - Saving person: Person(id=1, firstName=Test, lastName=Person, gender=MALE, dateOfBirth=2023-04-04, phoneNumber=1234567890, email=test@mail.com)
2023-04-04 18:40:18 [main] INFO  l.e.e.service.PersonService - Saving person: Person(id=1, firstName=Test, lastName=Person, gender=MALE, dateOfBirth=2023-04-04, phoneNumber=1234567890, email=test@mail.com)
2023-04-04 18:40:42 [background-preinit] INFO  o.h.validator.internal.util.Version - HV000001: Hibernate Validator 8.0.0.Final
2023-04-04 18:40:42 [main] INFO  l.e.e.ErgoWebServiceApplication - Starting ErgoWebServiceApplication using Java 17.0.5 with PID 3121 (/Users/antonsdolgopolovs/IdeaProjects/test_projects/ergo-web-service/target/classes started by antonsdolgopolovs in /Users/antonsdolgopolovs/IdeaProjects/test_projects/ergo-web-service)
2023-04-04 18:40:42 [main] INFO  l.e.e.ErgoWebServiceApplication - No active profile set, falling back to 1 default profile: "default"
2023-04-04 18:40:42 [main] INFO  o.s.d.r.c.RepositoryConfigurationDelegate - Bootstrapping Spring Data JPA repositories in DEFAULT mode.
2023-04-04 18:40:42 [main] INFO  o.s.d.r.c.RepositoryConfigurationDelegate - Finished Spring Data repository scanning in 38 ms. Found 1 JPA repository interfaces.
2023-04-04 18:40:43 [main] INFO  o.s.b.w.e.tomcat.TomcatWebServer - Tomcat initialized with port(s): 8080 (http)
2023-04-04 18:40:43 [main] INFO  o.a.coyote.http11.Http11NioProtocol - Initializing ProtocolHandler ["http-nio-8080"]
2023-04-04 18:40:43 [main] INFO  o.a.catalina.core.StandardService - Starting service [Tomcat]
2023-04-04 18:40:43 [main] INFO  o.a.catalina.core.StandardEngine - Starting Servlet engine: [Apache Tomcat/10.1.7]
2023-04-04 18:40:43 [main] INFO  o.a.c.c.C.[Tomcat].[localhost].[/] - Initializing Spring embedded WebApplicationContext
2023-04-04 18:40:43 [main] INFO  o.s.b.w.s.c.ServletWebServerApplicationContext - Root WebApplicationContext: initialization completed in 915 ms
2023-04-04 18:40:43 [main] INFO  com.zaxxer.hikari.HikariDataSource - HikariPool-1 - Starting...
2023-04-04 18:40:43 [main] INFO  com.zaxxer.hikari.pool.HikariPool - HikariPool-1 - Added connection conn0: url=jdbc:h2:file:./src/main/resources/data/ergo_web_service_db user=ERGO_SERVICE
2023-04-04 18:40:43 [main] INFO  com.zaxxer.hikari.HikariDataSource - HikariPool-1 - Start completed.
2023-04-04 18:40:43 [main] INFO  o.s.b.a.h.H2ConsoleAutoConfiguration - H2 console available at '/h2-console'. Database available at 'jdbc:h2:file:./src/main/resources/data/ergo_web_service_db'
2023-04-04 18:40:43 [main] INFO  o.h.jpa.internal.util.LogHelper - HHH000204: Processing PersistenceUnitInfo [name: default]
2023-04-04 18:40:43 [main] INFO  org.hibernate.Version - HHH000412: Hibernate ORM core version 6.1.7.Final
2023-04-04 18:40:43 [main] INFO  SQL dialect - HHH000400: Using dialect: org.hibernate.dialect.H2Dialect
2023-04-04 18:40:44 [main] INFO  o.h.e.t.j.p.i.JtaPlatformInitiator - HHH000490: Using JtaPlatform implementation: [org.hibernate.engine.transaction.jta.platform.internal.NoJtaPlatform]
2023-04-04 18:40:44 [main] INFO  o.s.o.j.LocalContainerEntityManagerFactoryBean - Initialized JPA EntityManagerFactory for persistence unit 'default'
2023-04-04 18:40:44 [main] WARN  o.s.b.a.o.j.JpaBaseConfiguration$JpaWebConfiguration - spring.jpa.open-in-view is enabled by default. Therefore, database queries may be performed during view rendering. Explicitly configure spring.jpa.open-in-view to disable this warning
2023-04-04 18:40:44 [main] INFO  o.a.coyote.http11.Http11NioProtocol - Starting ProtocolHandler ["http-nio-8080"]
2023-04-04 18:40:45 [main] INFO  o.s.b.w.e.tomcat.TomcatWebServer - Tomcat started on port(s): 8080 (http) with context path ''
2023-04-04 18:40:45 [main] INFO  l.e.e.ErgoWebServiceApplication - Started ErgoWebServiceApplication in 2.923 seconds (process running for 8.554)
2023-04-04 18:40:57 [http-nio-8080-exec-2] INFO  o.a.c.c.C.[Tomcat].[localhost].[/] - Initializing Spring DispatcherServlet 'dispatcherServlet'
2023-04-04 18:40:57 [http-nio-8080-exec-2] INFO  o.s.web.servlet.DispatcherServlet - Initializing Servlet 'dispatcherServlet'
2023-04-04 18:40:57 [http-nio-8080-exec-2] INFO  o.s.web.servlet.DispatcherServlet - Completed initialization in 1 ms
2023-04-04 18:40:57 [http-nio-8080-exec-2] INFO  l.e.e.service.PersonService - Saving person: Person(id=null, firstName=Sasha, lastName=Donnohil, gender=FEMALE, dateOfBirth=2022-12-12, phoneNumber=1234567892, email=sarah.sue@example.com)
2023-04-04 18:41:29 [http-nio-8080-exec-4] INFO  l.e.e.service.PersonService - Saving person: Person(id=1, firstName=Dana, lastName=Donnohil, gender=FEMALE, dateOfBirth=2022-12-12, phoneNumber=1234567892, email=sarah.sue@example.com)
2023-04-04 18:41:33 [http-nio-8080-exec-5] WARN  o.s.w.s.m.s.DefaultHandlerExceptionResolver - Resolved [org.springframework.web.HttpRequestMethodNotSupportedException: Request method 'GET' is not supported]
2023-04-04 18:42:00 [http-nio-8080-exec-8] INFO  l.e.e.service.PersonService - Person with ID 1 was successfully deleted
2023-04-04 18:42:43 [SpringApplicationShutdownHook] INFO  o.s.o.j.LocalContainerEntityManagerFactoryBean - Closing JPA EntityManagerFactory for persistence unit 'default'
2023-04-04 18:42:43 [SpringApplicationShutdownHook] INFO  com.zaxxer.hikari.HikariDataSource - HikariPool-1 - Shutdown initiated...
2023-04-04 18:42:43 [SpringApplicationShutdownHook] INFO  com.zaxxer.hikari.HikariDataSource - HikariPool-1 - Shutdown completed.
2023-04-04 18:43:46 [background-preinit] INFO  o.h.validator.internal.util.Version - HV000001: Hibernate Validator 8.0.0.Final
2023-04-04 18:43:46 [main] INFO  l.e.e.ErgoWebServiceApplication - Starting ErgoWebServiceApplication using Java 17.0.5 with PID 3149 (/Users/antonsdolgopolovs/IdeaProjects/test_projects/ergo-web-service/target/classes started by antonsdolgopolovs in /Users/antonsdolgopolovs/IdeaProjects/test_projects/ergo-web-service)
2023-04-04 18:43:46 [main] INFO  l.e.e.ErgoWebServiceApplication - No active profile set, falling back to 1 default profile: "default"
2023-04-04 18:43:46 [main] INFO  o.s.d.r.c.RepositoryConfigurationDelegate - Bootstrapping Spring Data JPA repositories in DEFAULT mode.
2023-04-04 18:43:46 [main] INFO  o.s.d.r.c.RepositoryConfigurationDelegate - Finished Spring Data repository scanning in 37 ms. Found 1 JPA repository interfaces.
2023-04-04 18:43:47 [main] INFO  o.s.b.w.e.tomcat.TomcatWebServer - Tomcat initialized with port(s): 8080 (http)
2023-04-04 18:43:47 [main] INFO  o.a.coyote.http11.Http11NioProtocol - Initializing ProtocolHandler ["http-nio-8080"]
2023-04-04 18:43:47 [main] INFO  o.a.catalina.core.StandardService - Starting service [Tomcat]
2023-04-04 18:43:47 [main] INFO  o.a.catalina.core.StandardEngine - Starting Servlet engine: [Apache Tomcat/10.1.7]
2023-04-04 18:43:47 [main] INFO  o.a.c.c.C.[Tomcat].[localhost].[/] - Initializing Spring embedded WebApplicationContext
2023-04-04 18:43:47 [main] INFO  o.s.b.w.s.c.ServletWebServerApplicationContext - Root WebApplicationContext: initialization completed in 887 ms
2023-04-04 18:43:47 [main] INFO  com.zaxxer.hikari.HikariDataSource - HikariPool-1 - Starting...
2023-04-04 18:43:47 [main] INFO  com.zaxxer.hikari.pool.HikariPool - HikariPool-1 - Added connection conn0: url=jdbc:h2:file:./src/main/resources/data/ergo_web_service_db user=ERGO_SERVICE
2023-04-04 18:43:47 [main] INFO  com.zaxxer.hikari.HikariDataSource - HikariPool-1 - Start completed.
2023-04-04 18:43:47 [main] INFO  o.s.b.a.h.H2ConsoleAutoConfiguration - H2 console available at '/h2-console'. Database available at 'jdbc:h2:file:./src/main/resources/data/ergo_web_service_db'
2023-04-04 18:43:47 [main] INFO  o.h.jpa.internal.util.LogHelper - HHH000204: Processing PersistenceUnitInfo [name: default]
2023-04-04 18:43:47 [main] INFO  org.hibernate.Version - HHH000412: Hibernate ORM core version 6.1.7.Final
2023-04-04 18:43:47 [main] INFO  SQL dialect - HHH000400: Using dialect: org.hibernate.dialect.H2Dialect
2023-04-04 18:43:48 [main] INFO  o.h.e.t.j.p.i.JtaPlatformInitiator - HHH000490: Using JtaPlatform implementation: [org.hibernate.engine.transaction.jta.platform.internal.NoJtaPlatform]
2023-04-04 18:43:48 [main] INFO  o.s.o.j.LocalContainerEntityManagerFactoryBean - Initialized JPA EntityManagerFactory for persistence unit 'default'
2023-04-04 18:43:48 [main] WARN  o.s.b.a.o.j.JpaBaseConfiguration$JpaWebConfiguration - spring.jpa.open-in-view is enabled by default. Therefore, database queries may be performed during view rendering. Explicitly configure spring.jpa.open-in-view to disable this warning
2023-04-04 18:43:49 [main] INFO  o.a.coyote.http11.Http11NioProtocol - Starting ProtocolHandler ["http-nio-8080"]
2023-04-04 18:43:49 [main] INFO  o.s.b.w.e.tomcat.TomcatWebServer - Tomcat started on port(s): 8080 (http) with context path ''
2023-04-04 18:43:49 [main] INFO  l.e.e.ErgoWebServiceApplication - Started ErgoWebServiceApplication in 2.923 seconds (process running for 8.46)
2023-04-04 18:44:23 [http-nio-8080-exec-1] INFO  o.a.c.c.C.[Tomcat].[localhost].[/] - Initializing Spring DispatcherServlet 'dispatcherServlet'
2023-04-04 18:44:23 [http-nio-8080-exec-1] INFO  o.s.web.servlet.DispatcherServlet - Initializing Servlet 'dispatcherServlet'
2023-04-04 18:44:23 [http-nio-8080-exec-1] INFO  o.s.web.servlet.DispatcherServlet - Completed initialization in 1 ms
2023-04-04 18:44:23 [http-nio-8080-exec-1] INFO  l.e.e.service.PersonService - Saving person: Person(id=null, firstName=Person, lastName=One, gender=FEMALE, dateOfBirth=2022-12-12, phoneNumber=1234567892, email=person.one@mail.com)
2023-04-04 18:44:33 [http-nio-8080-exec-3] INFO  l.e.e.service.PersonService - Saving person: Person(id=null, firstName=Person, lastName=Two, gender=MALE, dateOfBirth=2022-12-12, phoneNumber=1234567892, email=person.two@mail.com)
2023-04-04 18:44:42 [http-nio-8080-exec-4] INFO  l.e.e.service.PersonService - Saving person: Person(id=null, firstName=Person, lastName=Three, gender=MALE, dateOfBirth=2022-12-12, phoneNumber=1234567892, email=person.three@mail.com)
2023-04-04 18:46:14 [SpringApplicationShutdownHook] INFO  o.s.o.j.LocalContainerEntityManagerFactoryBean - Closing JPA EntityManagerFactory for persistence unit 'default'
2023-04-04 18:46:14 [SpringApplicationShutdownHook] INFO  com.zaxxer.hikari.HikariDataSource - HikariPool-1 - Shutdown initiated...
2023-04-04 18:46:14 [SpringApplicationShutdownHook] INFO  com.zaxxer.hikari.HikariDataSource - HikariPool-1 - Shutdown completed.
